Content-Type: multipart/alternative;
 boundary="===============5494139122822203961=="
MIME-Version: 1.0
Subject: Restore password
From: test@example.com
To: vladyslavn@yahoo.com
Date: Thu, 03 Sep 2020 04:14:17 -0000
Message-ID: <159910645784.3466.15843780123749677459@vladyslavs-mbp.home>

--===============5494139122822203961==
Content-Type: text/plain; charset="utf-8"
MIME-Version: 1.0
Content-Transfer-Encoding: 7bit



You received this email because you requested a password reset for your user account.

Please, go to the following page and choose a new password:

http://127.0.0.1:8000/accounts/restore/MQ/a9lvrt-a97f60014efd67e79d33893a2871a170/

--===============5494139122822203961==
Content-Type: text/html; charset="utf-8"
MIME-Version: 1.0
Content-Transfer-Encoding: 7bit



<!DOCTYPE html PUBLIC "-//W3C//DTD XHTML 1.0 Transitional//EN"
        "http://www.w3.org/TR/xhtml1/DTD/xhtml1-transitional.dtd">
<html xmlns="http://www.w3.org/1999/xhtml">
<head>
    <meta http-equiv="Content-Type" content="text/html; charset=UTF-8"/>
    <title>Restore password</title>
    <meta name="viewport" content="width=device-width, initial-scale=1.0"/>
</head>

<body>

<p>
    You received this email because you requested a password reset for your user account.
</p>

<p>
    Please, go to the following page and choose a new password:
</p>

<p>
    <a href="http://127.0.0.1:8000/accounts/restore/MQ/a9lvrt-a97f60014efd67e79d33893a2871a170/">http://127.0.0.1:8000/accounts/restore/MQ/a9lvrt-a97f60014efd67e79d33893a2871a170/</a>
</p>

</body>

</html>

--===============5494139122822203961==--

-------------------------------------------------------------------------------
